<?xml version="1.0" encoding="UTF-8"?>
<testsuite xmlns:xsi="http://www.w3.org/2001/XMLSchema-instance" xsi:noNamespaceSchemaLocation="https://maven.apache.org/surefire/maven-surefire-plugin/xsd/surefire-test-report-3.0.xsd" version="3.0" name="MyTest" time="0.179" tests="40" errors="0" skipped="0" failures="0">
  <properties>
    <property name="java.specification.version" value="21"/>
    <property name="sun.cpu.isalist" value="amd64"/>
    <property name="sun.jnu.encoding" value="Cp1252"/>
    <property name="java.class.path" value="C:\Users\admin\Desktop\user-registration-bridgelabz-\target\test-classes;C:\Users\admin\Desktop\user-registration-bridgelabz-\target\classes;C:\Users\admin\.m2\repository\org\junit\jupiter\junit-jupiter-api\5.10.1\junit-jupiter-api-5.10.1.jar;C:\Users\admin\.m2\repository\org\opentest4j\opentest4j\1.3.0\opentest4j-1.3.0.jar;C:\Users\admin\.m2\repository\org\junit\platform\junit-platform-commons\1.10.1\junit-platform-commons-1.10.1.jar;C:\Users\admin\.m2\repository\org\apiguardian\apiguardian-api\1.1.2\apiguardian-api-1.1.2.jar;C:\Users\admin\.m2\repository\org\junit\jupiter\junit-jupiter-params\5.9.3\junit-jupiter-params-5.9.3.jar;"/>
    <property name="java.vm.vendor" value="Oracle Corporation"/>
    <property name="sun.arch.data.model" value="64"/>
    <property name="user.variant" value=""/>
    <property name="java.vendor.url" value="https://java.oracle.com/"/>
    <property name="user.timezone" value="Asia/Calcutta"/>
    <property name="os.name" value="Windows 11"/>
    <property name="java.vm.specification.version" value="21"/>
    <property name="sun.java.launcher" value="SUN_STANDARD"/>
    <property name="user.country" value="IN"/>
    <property name="sun.boot.library.path" value="C:\Program Files\Java\jdk-21\bin"/>
    <property name="sun.java.command" value="C:\Users\admin\AppData\Local\Temp\surefire1338604671412287788\surefirebooter-20231228134317720_3.jar C:\Users\admin\AppData\Local\Temp\surefire1338604671412287788 2023-12-28T13-43-14_835-jvmRun1 surefire-20231228134317720_1tmp surefire_0-20231228134317720_2tmp"/>
    <property name="jdk.debug" value="release"/>
    <property name="surefire.test.class.path" value="C:\Users\admin\Desktop\user-registration-bridgelabz-\target\test-classes;C:\Users\admin\Desktop\user-registration-bridgelabz-\target\classes;C:\Users\admin\.m2\repository\org\junit\jupiter\junit-jupiter-api\5.10.1\junit-jupiter-api-5.10.1.jar;C:\Users\admin\.m2\repository\org\opentest4j\opentest4j\1.3.0\opentest4j-1.3.0.jar;C:\Users\admin\.m2\repository\org\junit\platform\junit-platform-commons\1.10.1\junit-platform-commons-1.10.1.jar;C:\Users\admin\.m2\repository\org\apiguardian\apiguardian-api\1.1.2\apiguardian-api-1.1.2.jar;C:\Users\admin\.m2\repository\org\junit\jupiter\junit-jupiter-params\5.9.3\junit-jupiter-params-5.9.3.jar;"/>
    <property name="sun.cpu.endian" value="little"/>
    <property name="user.home" value="C:\Users\admin"/>
    <property name="user.language" value="en"/>
    <property name="java.specification.vendor" value="Oracle Corporation"/>
    <property name="java.version.date" value="2023-10-17"/>
    <property name="java.home" value="C:\Program Files\Java\jdk-21"/>
    <property name="file.separator" value="\"/>
    <property name="basedir" value="C:\Users\admin\Desktop\user-registration-bridgelabz-"/>
    <property name="java.vm.compressedOopsMode" value="32-bit"/>
    <property name="line.separator" value="&#10;"/>
    <property name="java.vm.specification.vendor" value="Oracle Corporation"/>
    <property name="java.specification.name" value="Java Platform API Specification"/>
    <property name="surefire.real.class.path" value="C:\Users\admin\AppData\Local\Temp\surefire1338604671412287788\surefirebooter-20231228134317720_3.jar"/>
    <property name="user.script" value=""/>
    <property name="sun.management.compiler" value="HotSpot 64-Bit Tiered Compilers"/>
    <property name="java.runtime.version" value="21.0.1+12-LTS-29"/>
    <property name="user.name" value="admin"/>
    <property name="stdout.encoding" value="Cp1252"/>
    <property name="path.separator" value=";"/>
    <property name="os.version" value="10.0"/>
    <property name="java.runtime.name" value="Java(TM) SE Runtime Environment"/>
    <property name="file.encoding" value="UTF-8"/>
    <property name="java.vm.name" value="Java HotSpot(TM) 64-Bit Server VM"/>
    <property name="localRepository" value="C:\Users\admin\.m2\repository"/>
    <property name="java.vendor.url.bug" value="https://bugreport.java.com/bugreport/"/>
    <property name="java.io.tmpdir" value="C:\Users\admin\AppData\Local\Temp\"/>
    <property name="idea.version" value="2023.2.5"/>
    <property name="java.version" value="21.0.1"/>
    <property name="user.dir" value="C:\Users\admin\Desktop\user-registration-bridgelabz-"/>
    <property name="os.arch" value="amd64"/>
    <property name="java.vm.specification.name" value="Java Virtual Machine Specification"/>
    <property name="sun.os.patch.level" value=""/>
    <property name="native.encoding" value="Cp1252"/>
    <property name="java.library.path" value="C:\Program Files\Java\jdk-21\bin;C:\WINDOWS\Sun\Java\bin;C:\WINDOWS\system32;C:\WINDOWS;C:\Program Files\Common Files\Oracle\Java\javapath;%JAVA_HOME%\bin;C:\WINDOWS\system32;C:\WINDOWS;C:\WINDOWS\System32\Wbem;C:\Program Files\dotnet\;C:\WINDOWS\System32\WindowsPowerShell\v1.0\;C:\WINDOWS\System32\OpenSSH\;C:\Program Files\Git\cmd;C:\Program Files\nodejs\;C:\Users\admin\AppData\Local\Microsoft\WindowsApps;C:\Users\admin\AppData\Local\Programs\Microsoft VS Code\bin;C:\Users\admin\AppData\Local\Programs\Hyper\resources\bin;C:\MinGW\bin;C:\msys64\mingw32\bin;C:\Users\admin\AppData\Local\atom\bin;C:\Users\admin\AppData\Local\Microsoft\WindowsApps;C:\Users\admin\AppData\Local\GitHubDesktop\bin;C:\ProgramData\admin\GitHubDesktop\bin;C:\Users\admin\AppData\Roaming\npm;C:\Program Files\Java\jdk-21\bin;;C:\Program Files\JetBrains\IntelliJ IDEA Community Edition 2023.2.5\bin;;."/>
    <property name="java.vm.info" value="mixed mode, sharing"/>
    <property name="stderr.encoding" value="Cp1252"/>
    <property name="java.vendor" value="Oracle Corporation"/>
    <property name="java.vm.version" value="21.0.1+12-LTS-29"/>
    <property name="sun.io.unicode.encoding" value="UnicodeLittle"/>
    <property name="java.class.version" value="65.0"/>
  </properties>
  <testcase name="testPasswordHappy(String)[1]" classname="MyTest" time="0.054"/>
  <testcase name="testPasswordHappy(String)[2]" classname="MyTest" time="0"/>
  <testcase name="testPhoneNumberHappy(String)[1]" classname="MyTest" time="0.002"/>
  <testcase name="testPhoneNumberHappy(String)[2]" classname="MyTest" time="0"/>
  <testcase name="testPhoneNumberSad(String)[1]" classname="MyTest" time="0.003"/>
  <testcase name="testPhoneNumberSad(String)[2]" classname="MyTest" time="0.001"/>
  <testcase name="testPhoneNumberSad(String)[3]" classname="MyTest" time="0.001"/>
  <testcase name="testPhoneNumberSad(String)[4]" classname="MyTest" time="0.001"/>
  <testcase name="testEmailHappy(String)[1]" classname="MyTest" time="0.001"/>
  <testcase name="testEmailHappy(String)[2]" classname="MyTest" time="0"/>
  <testcase name="testEmailHappy(String)[3]" classname="MyTest" time="0"/>
  <testcase name="testEmailHappy(String)[4]" classname="MyTest" time="0.002"/>
  <testcase name="testEmailHappy(String)[5]" classname="MyTest" time="0"/>
  <testcase name="testEmailHappy(String)[6]" classname="MyTest" time="0"/>
  <testcase name="testEmailHappy(String)[7]" classname="MyTest" time="0"/>
  <testcase name="testEmailHappy(String)[8]" classname="MyTest" time="0"/>
  <testcase name="testEmailHappy(String)[9]" classname="MyTest" time="0"/>
  <testcase name="testPasswordSad(String)[1]" classname="MyTest" time="0.001"/>
  <testcase name="testPasswordSad(String)[2]" classname="MyTest" time="0"/>
  <testcase name="testPasswordSad(String)[3]" classname="MyTest" time="0.001"/>
  <testcase name="testPasswordSad(String)[4]" classname="MyTest" time="0.001"/>
  <testcase name="testNameSad(String)[1]" classname="MyTest" time="0.001"/>
  <testcase name="testNameSad(String)[2]" classname="MyTest" time="0"/>
  <testcase name="testNameSad(String)[3]" classname="MyTest" time="0"/>
  <testcase name="testNameSad(String)[4]" classname="MyTest" time="0"/>
  <testcase name="testEmailSad(String)[1]" classname="MyTest" time="0.001"/>
  <testcase name="testEmailSad(String)[2]" classname="MyTest" time="0.002"/>
  <testcase name="testEmailSad(String)[3]" classname="MyTest" time="0.001"/>
  <testcase name="testEmailSad(String)[4]" classname="MyTest" time="0"/>
  <testcase name="testEmailSad(String)[5]" classname="MyTest" time="0.001"/>
  <testcase name="testEmailSad(String)[6]" classname="MyTest" time="0.001"/>
  <testcase name="testEmailSad(String)[7]" classname="MyTest" time="0"/>
  <testcase name="testEmailSad(String)[8]" classname="MyTest" time="0"/>
  <testcase name="testEmailSad(String)[9]" classname="MyTest" time="0.001"/>
  <testcase name="testEmailSad(String)[10]" classname="MyTest" time="0.001"/>
  <testcase name="testEmailSad(String)[11]" classname="MyTest" time="0"/>
  <testcase name="testEmailSad(String)[12]" classname="MyTest" time="0"/>
  <testcase name="testEmailSad(String)[13]" classname="MyTest" time="0.001"/>
  <testcase name="testNameHappy(String)[1]" classname="MyTest" time="0.001"/>
  <testcase name="testNameHappy(String)[2]" classname="MyTest" time="0"/>
</testsuite>